<?xml version="1.0" encoding="UTF-8"?>
<!-- Generated by org.testng.reporters.JUnitReportReporter -->
<testsuite hostname="DESKTOP-NECNABD" failures="0" tests="1" name="TestCases.FirstWebSite.test" time="0.392" errors="0" timestamp="2021-02-05T17:37:31 EET" skipped="0">
  <testcase classname="TestCases.FirstWebSite.test" name="questions" time="0.392"/>
  <system-out/>
</testsuite> <!-- TestCases.FirstWebSite.test -->
