<?xml version="1.0" encoding="UTF-8"?>
<!-- Generated by org.testng.reporters.JUnitReportReporter -->
<testsuite hostname="DESKTOP-MLJV1NI" failures="0" tests="2" name="tests.LoginTest" time="7.744" errors="0" timestamp="2021-06-18T17:04:19 EET" skipped="0">
  <testcase classname="tests.LoginTest" name="UserCanLogOut" time="1.450"/>
  <system-out/>
  <testcase classname="tests.LoginTest" name="usercanlogin" time="6.294"/>
  <system-out/>
</testsuite> <!-- tests.LoginTest -->
