<?xml version="1.0" encoding="UTF-8"?>
<!-- Generated by org.testng.reporters.JUnitReportReporter -->
<testsuite hostname="DESKTOP-NECNABD" failures="0" tests="3" name="tests.UserregistrationTest" time="9.836" errors="0" timestamp="2021-02-21T20:16:44 EET" skipped="0">
  <testcase classname="tests.UserregistrationTest" name="UsercanLoginSuccessfully" time="2.336"/>
  <system-out/>
  <testcase classname="tests.UserregistrationTest" name="RegisterUserCanLogOut" time="1.829"/>
  <system-out/>
  <testcase classname="tests.UserregistrationTest" name="UserCanRegisterSuccessfully" time="5.671"/>
  <system-out/>
</testsuite> <!-- tests.UserregistrationTest -->
