<?xml version="1.0" encoding="UTF-8"?>
<!-- Generated by org.testng.reporters.JUnitReportReporter -->
<testsuite hostname="DESKTOP-NECNABD" failures="0" tests="1" name="tests.HoverToNootbookTest" time="1.371" errors="0" timestamp="2021-02-20T13:17:39 EET" skipped="0">
  <testcase classname="tests.HoverToNootbookTest" name="UserCanSelectSubCategoryFromMainMenu" time="1.371"/>
  <system-out/>
</testsuite> <!-- tests.HoverToNootbookTest -->
