<?xml version="1.0" encoding="UTF-8"?>
<!-- Generated by org.testng.reporters.JUnitReportReporter -->
<testsuite hostname="DESKTOP-NECNABD" failures="0" tests="2" name="tests.AddCustmerTest" time="8.756" errors="0" timestamp="2021-02-22T12:24:30 EET" skipped="0">
  <testcase classname="tests.AddCustmerTest" name="UserCanAddnewcustomer" time="5.202"/>
  <system-out/>
  <testcase classname="tests.AddCustmerTest" name="usercanlogin" time="3.554"/>
  <system-out/>
</testsuite> <!-- tests.AddCustmerTest -->
